Analysis & Synthesis report for Project
Mon Mar 04 11:27:45 2013
Quartus II Version 9.1 Build 222 10/21/2009 SJ Web Edition


---------------------
; Table of Contents ;
---------------------
  1. Legal Notice
  2. Analysis & Synthesis Summary
  3. Analysis & Synthesis Settings
  4. Parallel Compilation
  5. Analysis & Synthesis Source Files Read
  6. Analysis & Synthesis Resource Usage Summary
  7. Analysis & Synthesis Resource Utilization by Entity
  8. General Register Statistics
  9. Parameter Settings for User Entity Instance: lpm_dff0:inst35|lpm_ff:lpm_ff_component
 10. Parameter Settings for User Entity Instance: lpm_bustri_8:inst14|lpm_bustri:lpm_bustri_component
 11. Parameter Settings for User Entity Instance: lpm_bustri_8:inst15|lpm_bustri:lpm_bustri_component
 12. Parameter Settings for User Entity Instance: lpm_dff0:inst38|lpm_ff:lpm_ff_component
 13. Parameter Settings for User Entity Instance: lpm_bustri_8:inst20|lpm_bustri:lpm_bustri_component
 14. Parameter Settings for User Entity Instance: lpm_dff0:inst37|lpm_ff:lpm_ff_component
 15. Parameter Settings for User Entity Instance: lpm_bustri_8:inst19|lpm_bustri:lpm_bustri_component
 16. Parameter Settings for User Entity Instance: lpm_dff0:inst36|lpm_ff:lpm_ff_component
 17. Analysis & Synthesis Messages



----------------
; Legal Notice ;
----------------
Copyright (C) 1991-2009 Altera Corporation
Your use of Altera Corporation's design tools, logic functions 
and other software and tools, and its AMPP partner logic 
functions, and any output files from any of the foregoing 
(including device programming or simulation files), and any 
associated documentation or information are expressly subject 
to the terms and conditions of the Altera Program License 
Subscription Agreement, Altera MegaCore Function License 
Agreement, or other applicable license agreement, including, 
without limitation, that your use is for the sole purpose of 
programming logic devices manufactured by Altera and sold by 
Altera or its authorized distributors.  Please refer to the 
applicable agreement for further details.



+-------------------------------------------------------------------------+
; Analysis & Synthesis Summary                                            ;
+-------------------------------+-----------------------------------------+
; Analysis & Synthesis Status   ; Successful - Mon Mar 04 11:27:45 2013   ;
; Quartus II Version            ; 9.1 Build 222 10/21/2009 SJ Web Edition ;
; Revision Name                 ; Project                                 ;
; Top-level Entity Name         ; RON                                     ;
; Family                        ; Stratix II                              ;
; Logic utilization             ; N/A                                     ;
;     Combinational ALUTs       ; 53                                      ;
;     Dedicated logic registers ; 32                                      ;
; Total registers               ; 32                                      ;
; Total pins                    ; 22                                      ;
; Total virtual pins            ; 0                                       ;
; Total block memory bits       ; 0                                       ;
; DSP block 9-bit elements      ; 0                                       ;
; Total PLLs                    ; 0                                       ;
; Total DLLs                    ; 0                                       ;
+-------------------------------+-----------------------------------------+


+----------------------------------------------------------------------------------------------------------------------+
; Analysis & Synthesis Settings                                                                                        ;
+----------------------------------------------------------------------------+--------------------+--------------------+
; Option                                                                     ; Setting            ; Default Value      ;
+----------------------------------------------------------------------------+--------------------+--------------------+
; Top-level entity name                                                      ; RON                ; Project            ;
; Family name                                                                ; Stratix II         ; Stratix II         ;
; Use Generated Physical Constraints File                                    ; Off                ;                    ;
; Use smart compilation                                                      ; Off                ; Off                ;
; Enable parallel Assembler and TimeQuest Timing Analyzer during compilation ; On                 ; On                 ;
; Enable compact report table                                                ; Off                ; Off                ;
; Restructure Multiplexers                                                   ; Auto               ; Auto               ;
; Create Debugging Nodes for IP Cores                                        ; Off                ; Off                ;
; Preserve fewer node names                                                  ; On                 ; On                 ;
; Disable OpenCore Plus hardware evaluation                                  ; Off                ; Off                ;
; Verilog Version                                                            ; Verilog_2001       ; Verilog_2001       ;
; VHDL Version                                                               ; VHDL_1993          ; VHDL_1993          ;
; State Machine Processing                                                   ; Auto               ; Auto               ;
; Safe State Machine                                                         ; Off                ; Off                ;
; Extract Verilog State Machines                                             ; On                 ; On                 ;
; Extract VHDL State Machines                                                ; On                 ; On                 ;
; Ignore Verilog initial constructs                                          ; Off                ; Off                ;
; Iteration limit for constant Verilog loops                                 ; 5000               ; 5000               ;
; Iteration limit for non-constant Verilog loops                             ; 250                ; 250                ;
; Add Pass-Through Logic to Inferred RAMs                                    ; On                 ; On                 ;
; Parallel Synthesis                                                         ; On                 ; On                 ;
; DSP Block Balancing                                                        ; Auto               ; Auto               ;
; NOT Gate Push-Back                                                         ; On                 ; On                 ;
; Power-Up Don't Care                                                        ; On                 ; On                 ;
; Remove Redundant Logic Cells                                               ; Off                ; Off                ;
; Remove Duplicate Registers                                                 ; On                 ; On                 ;
; Ignore CARRY Buffers                                                       ; Off                ; Off                ;
; Ignore CASCADE Buffers                                                     ; Off                ; Off                ;
; Ignore GLOBAL Buffers                                                      ; Off                ; Off                ;
; Ignore ROW GLOBAL Buffers                                                  ; Off                ; Off                ;
; Ignore LCELL Buffers                                                       ; Off                ; Off                ;
; Ignore SOFT Buffers                                                        ; On                 ; On                 ;
; Limit AHDL Integers to 32 Bits                                             ; Off                ; Off                ;
; Optimization Technique                                                     ; Balanced           ; Balanced           ;
; Carry Chain Length                                                         ; 70                 ; 70                 ;
; Auto Carry Chains                                                          ; On                 ; On                 ;
; Auto Open-Drain Pins                                                       ; On                 ; On                 ;
; Perform WYSIWYG Primitive Resynthesis                                      ; Off                ; Off                ;
; Auto ROM Replacement                                                       ; On                 ; On                 ;
; Auto RAM Replacement                                                       ; On                 ; On                 ;
; Auto DSP Block Replacement                                                 ; On                 ; On                 ;
; Auto Shift Register Replacement                                            ; Auto               ; Auto               ;
; Auto Clock Enable Replacement                                              ; On                 ; On                 ;
; Strict RAM Replacement                                                     ; Off                ; Off                ;
; Allow Synchronous Control Signals                                          ; On                 ; On                 ;
; Force Use of Synchronous Clear Signals                                     ; Off                ; Off                ;
; Auto RAM Block Balancing                                                   ; On                 ; On                 ;
; Auto RAM to Logic Cell Conversion                                          ; Off                ; Off                ;
; Auto Resource Sharing                                                      ; Off                ; Off                ;
; Allow Any RAM Size For Recognition                                         ; Off                ; Off                ;
; Allow Any ROM Size For Recognition                                         ; Off                ; Off                ;
; Allow Any Shift Register Size For Recognition                              ; Off                ; Off                ;
; Use LogicLock Constraints during Resource Balancing                        ; On                 ; On                 ;
; Ignore translate_off and synthesis_off directives                          ; Off                ; Off                ;
; Timing-Driven Synthesis                                                    ; Off                ; Off                ;
; Show Parameter Settings Tables in Synthesis Report                         ; On                 ; On                 ;
; Ignore Maximum Fan-Out Assignments                                         ; Off                ; Off                ;
; Synchronization Register Chain Length                                      ; 2                  ; 2                  ;
; PowerPlay Power Optimization                                               ; Normal compilation ; Normal compilation ;
; HDL message level                                                          ; Level2             ; Level2             ;
; Suppress Register Optimization Related Messages                            ; Off                ; Off                ;
; Number of Removed Registers Reported in Synthesis Report                   ; 100                ; 100                ;
; Number of Inverted Registers Reported in Synthesis Report                  ; 100                ; 100                ;
; Clock MUX Protection                                                       ; On                 ; On                 ;
; Auto Gated Clock Conversion                                                ; Off                ; Off                ;
; Block Design Naming                                                        ; Auto               ; Auto               ;
; SDC constraint protection                                                  ; Off                ; Off                ;
; Synthesis Effort                                                           ; Auto               ; Auto               ;
; Shift Register Replacement - Allow Asynchronous Clear Signal               ; On                 ; On                 ;
; Analysis & Synthesis Message Level                                         ; Medium             ; Medium             ;
; Disable Register Merging Across Hierarchies                                ; Auto               ; Auto               ;
; Resource Aware Inference For Block RAM                                     ; On                 ; On                 ;
+----------------------------------------------------------------------------+--------------------+--------------------+


Parallel compilation was disabled, but you have multiple processors available. Enable parallel compilation to reduce compilation time.
+-------------------------------------+
; Parallel Compilation                ;
+----------------------------+--------+
; Processors                 ; Number ;
+----------------------------+--------+
; Number detected on machine ; 2      ;
; Maximum allowed            ; 1      ;
+----------------------------+--------+


+-------------------------------------------------------------------------------------------------------------------------------------------------------+
; Analysis & Synthesis Source Files Read                                                                                                                ;
+----------------------------------+-----------------+------------------------------------+-------------------------------------------------------------+
; File Name with User-Entered Path ; Used in Netlist ; File Type                          ; File Name with Absolute Path                                ;
+----------------------------------+-----------------+------------------------------------+-------------------------------------------------------------+
; lpm_dff0.vhd                     ; yes             ; User Wizard-Generated File         ; D:/Учеба/СиФО/Курсач/Project/lpm_dff0.vhd                   ;
; RON.bdf                          ; yes             ; User Block Diagram/Schematic File  ; D:/Учеба/СиФО/Курсач/Project/RON.bdf                        ;
; lpm_ff.tdf                       ; yes             ; Megafunction                       ; d:/altera/91/quartus/libraries/megafunctions/lpm_ff.tdf     ;
; lpm_bustri_8.tdf                 ; yes             ; Auto-Found Wizard-Generated File   ; D:/Учеба/СиФО/Курсач/Project/lpm_bustri_8.tdf               ;
; lpm_bustri.inc                   ; yes             ; Auto-Found AHDL File               ; d:/altera/91/quartus/libraries/megafunctions/lpm_bustri.inc ;
; lpm_bustri.tdf                   ; yes             ; Megafunction                       ; d:/altera/91/quartus/libraries/megafunctions/lpm_bustri.tdf ;
+----------------------------------+-----------------+------------------------------------+-------------------------------------------------------------+


+-------------------------------------------------------+
; Analysis & Synthesis Resource Usage Summary           ;
+-----------------------------------------------+-------+
; Resource                                      ; Usage ;
+-----------------------------------------------+-------+
; Estimated ALUTs Used                          ; 53    ;
; Dedicated logic registers                     ; 32    ;
;                                               ;       ;
; Estimated ALUTs Unavailable                   ; 8     ;
;                                               ;       ;
; Total combinational functions                 ; 53    ;
; Combinational ALUT usage by number of inputs  ;       ;
;     -- 7 input functions                      ; 0     ;
;     -- 6 input functions                      ; 8     ;
;     -- 5 input functions                      ; 1     ;
;     -- 4 input functions                      ; 8     ;
;     -- <=3 input functions                    ; 36    ;
;                                               ;       ;
; Combinational ALUTs by mode                   ;       ;
;     -- normal mode                            ; 53    ;
;     -- extended LUT mode                      ; 0     ;
;     -- arithmetic mode                        ; 0     ;
;     -- shared arithmetic mode                 ; 0     ;
;                                               ;       ;
; Estimated ALUT/register pairs used            ; 61    ;
;                                               ;       ;
; Total registers                               ; 32    ;
;     -- Dedicated logic registers              ; 32    ;
;     -- I/O registers                          ; 0     ;
;                                               ;       ;
; Estimated ALMs:  partially or completely used ; 31    ;
;                                               ;       ;
; I/O pins                                      ; 22    ;
; Maximum fan-out node                          ; WRITE ;
; Maximum fan-out                               ; 45    ;
; Total fan-out                                 ; 281   ;
; Average fan-out                               ; 2.63  ;
+-----------------------------------------------+-------+


+-------------------------------------------------------------------------------------------------------------------------------------------------------------------------------------------------------------------------------------------------+
; Analysis & Synthesis Resource Utilization by Entity                                                                                                                                                                                             ;
+-----------------------------------------+-------------------+--------------+-------------------+--------------+---------+-----------+-----------+------+--------------+----------------------------------------------------------+--------------+
; Compilation Hierarchy Node              ; LC Combinationals ; LC Registers ; Block Memory Bits ; DSP Elements ; DSP 9x9 ; DSP 18x18 ; DSP 36x36 ; Pins ; Virtual Pins ; Full Hierarchy Name                                      ; Library Name ;
+-----------------------------------------+-------------------+--------------+-------------------+--------------+---------+-----------+-----------+------+--------------+----------------------------------------------------------+--------------+
; |RON                                    ; 53 (4)            ; 32 (0)       ; 0                 ; 0            ; 0       ; 0         ; 0         ; 22   ; 0            ; |RON                                                     ; work         ;
;    |lpm_bustri_8:inst14|                ; 8 (0)             ; 0 (0)        ; 0                 ; 0            ; 0       ; 0         ; 0         ; 0    ; 0            ; |RON|lpm_bustri_8:inst14                                 ;              ;
;       |lpm_bustri:lpm_bustri_component| ; 8 (8)             ; 0 (0)        ; 0                 ; 0            ; 0       ; 0         ; 0         ; 0    ; 0            ; |RON|lpm_bustri_8:inst14|lpm_bustri:lpm_bustri_component ; work         ;
;    |lpm_bustri_8:inst15|                ; 25 (0)            ; 0 (0)        ; 0                 ; 0            ; 0       ; 0         ; 0         ; 0    ; 0            ; |RON|lpm_bustri_8:inst15                                 ;              ;
;       |lpm_bustri:lpm_bustri_component| ; 25 (25)           ; 0 (0)        ; 0                 ; 0            ; 0       ; 0         ; 0         ; 0    ; 0            ; |RON|lpm_bustri_8:inst15|lpm_bustri:lpm_bustri_component ; work         ;
;    |lpm_bustri_8:inst19|                ; 8 (0)             ; 0 (0)        ; 0                 ; 0            ; 0       ; 0         ; 0         ; 0    ; 0            ; |RON|lpm_bustri_8:inst19                                 ; work         ;
;       |lpm_bustri:lpm_bustri_component| ; 8 (8)             ; 0 (0)        ; 0                 ; 0            ; 0       ; 0         ; 0         ; 0    ; 0            ; |RON|lpm_bustri_8:inst19|lpm_bustri:lpm_bustri_component ; work         ;
;    |lpm_bustri_8:inst20|                ; 8 (0)             ; 0 (0)        ; 0                 ; 0            ; 0       ; 0         ; 0         ; 0    ; 0            ; |RON|lpm_bustri_8:inst20                                 ; work         ;
;       |lpm_bustri:lpm_bustri_component| ; 8 (8)             ; 0 (0)        ; 0                 ; 0            ; 0       ; 0         ; 0         ; 0    ; 0            ; |RON|lpm_bustri_8:inst20|lpm_bustri:lpm_bustri_component ; work         ;
;    |lpm_dff0:inst35|                    ; 0 (0)             ; 8 (0)        ; 0                 ; 0            ; 0       ; 0         ; 0         ; 0    ; 0            ; |RON|lpm_dff0:inst35                                     ;              ;
;       |lpm_ff:lpm_ff_component|         ; 0 (0)             ; 8 (8)        ; 0                 ; 0            ; 0       ; 0         ; 0         ; 0    ; 0            ; |RON|lpm_dff0:inst35|lpm_ff:lpm_ff_component             ; work         ;
;    |lpm_dff0:inst36|                    ; 0 (0)             ; 8 (0)        ; 0                 ; 0            ; 0       ; 0         ; 0         ; 0    ; 0            ; |RON|lpm_dff0:inst36                                     ; work         ;
;       |lpm_ff:lpm_ff_component|         ; 0 (0)             ; 8 (8)        ; 0                 ; 0            ; 0       ; 0         ; 0         ; 0    ; 0            ; |RON|lpm_dff0:inst36|lpm_ff:lpm_ff_component             ; work         ;
;    |lpm_dff0:inst37|                    ; 0 (0)             ; 8 (0)        ; 0                 ; 0            ; 0       ; 0         ; 0         ; 0    ; 0            ; |RON|lpm_dff0:inst37                                     ; work         ;
;       |lpm_ff:lpm_ff_component|         ; 0 (0)             ; 8 (8)        ; 0                 ; 0            ; 0       ; 0         ; 0         ; 0    ; 0            ; |RON|lpm_dff0:inst37|lpm_ff:lpm_ff_component             ; work         ;
;    |lpm_dff0:inst38|                    ; 0 (0)             ; 8 (0)        ; 0                 ; 0            ; 0       ; 0         ; 0         ; 0    ; 0            ; |RON|lpm_dff0:inst38                                     ; work         ;
;       |lpm_ff:lpm_ff_component|         ; 0 (0)             ; 8 (8)        ; 0                 ; 0            ; 0       ; 0         ; 0         ; 0    ; 0            ; |RON|lpm_dff0:inst38|lpm_ff:lpm_ff_component             ; work         ;
+-----------------------------------------+-------------------+--------------+-------------------+--------------+---------+-----------+-----------+------+--------------+----------------------------------------------------------+--------------+
Note: For table entries with two numbers listed, the numbers in parentheses indicate the number of resources of the given type used by the specific entity alone. The numbers listed outside of parentheses indicate the total resources of the given type used by the specific entity and all of its sub-entities in the hierarchy.


+------------------------------------------------------+
; General Register Statistics                          ;
+----------------------------------------------+-------+
; Statistic                                    ; Value ;
+----------------------------------------------+-------+
; Total registers                              ; 32    ;
; Number of registers using Synchronous Clear  ; 0     ;
; Number of registers using Synchronous Load   ; 0     ;
; Number of registers using Asynchronous Clear ; 0     ;
; Number of registers using Asynchronous Load  ; 0     ;
; Number of registers using Clock Enable       ; 0     ;
; Number of registers using Preset             ; 0     ;
+----------------------------------------------+-------+


+--------------------------------------------------------------------------------------+
; Parameter Settings for User Entity Instance: lpm_dff0:inst35|lpm_ff:lpm_ff_component ;
+------------------------+------------+------------------------------------------------+
; Parameter Name         ; Value      ; Type                                           ;
+------------------------+------------+------------------------------------------------+
; LPM_WIDTH              ; 8          ; Signed Integer                                 ;
; LPM_AVALUE             ; UNUSED     ; Untyped                                        ;
; LPM_SVALUE             ; UNUSED     ; Untyped                                        ;
; LPM_FFTYPE             ; DFF        ; Untyped                                        ;
; DEVICE_FAMILY          ; Stratix II ; Untyped                                        ;
; CBXI_PARAMETER         ; NOTHING    ; Untyped                                        ;
; AUTO_CARRY_CHAINS      ; ON         ; AUTO_CARRY                                     ;
; IGNORE_CARRY_BUFFERS   ; OFF        ; IGNORE_CARRY                                   ;
; AUTO_CASCADE_CHAINS    ; ON         ; AUTO_CASCADE                                   ;
; IGNORE_CASCADE_BUFFERS ; OFF        ; IGNORE_CASCADE                                 ;
+------------------------+------------+------------------------------------------------+
Note: In order to hide this table in the UI and the text report file, please set the "Show Parameter Settings Tables in Synthesis Report" option in "Analysis and Synthesis Settings -> More Settings" to "Off".


+--------------------------------------------------------------------------------------------------+
; Parameter Settings for User Entity Instance: lpm_bustri_8:inst14|lpm_bustri:lpm_bustri_component ;
+----------------+-------+-------------------------------------------------------------------------+
; Parameter Name ; Value ; Type                                                                    ;
+----------------+-------+-------------------------------------------------------------------------+
; LPM_WIDTH      ; 8     ; Untyped                                                                 ;
+----------------+-------+-------------------------------------------------------------------------+
Note: In order to hide this table in the UI and the text report file, please set the "Show Parameter Settings Tables in Synthesis Report" option in "Analysis and Synthesis Settings -> More Settings" to "Off".


+--------------------------------------------------------------------------------------------------+
; Parameter Settings for User Entity Instance: lpm_bustri_8:inst15|lpm_bustri:lpm_bustri_component ;
+----------------+-------+-------------------------------------------------------------------------+
; Parameter Name ; Value ; Type                                                                    ;
+----------------+-------+-------------------------------------------------------------------------+
; LPM_WIDTH      ; 8     ; Untyped                                                                 ;
+----------------+-------+-------------------------------------------------------------------------+
Note: In order to hide this table in the UI and the text report file, please set the "Show Parameter Settings Tables in Synthesis Report" option in "Analysis and Synthesis Settings -> More Settings" to "Off".


+--------------------------------------------------------------------------------------+
; Parameter Settings for User Entity Instance: lpm_dff0:inst38|lpm_ff:lpm_ff_component ;
+------------------------+------------+------------------------------------------------+
; Parameter Name         ; Value      ; Type                                           ;
+------------------------+------------+------------------------------------------------+
; LPM_WIDTH              ; 8          ; Signed Integer                                 ;
; LPM_AVALUE             ; UNUSED     ; Untyped                                        ;
; LPM_SVALUE             ; UNUSED     ; Untyped                                        ;
; LPM_FFTYPE             ; DFF        ; Untyped                                        ;
; DEVICE_FAMILY          ; Stratix II ; Untyped                                        ;
; CBXI_PARAMETER         ; NOTHING    ; Untyped                                        ;
; AUTO_CARRY_CHAINS      ; ON         ; AUTO_CARRY                                     ;
; IGNORE_CARRY_BUFFERS   ; OFF        ; IGNORE_CARRY                                   ;
; AUTO_CASCADE_CHAINS    ; ON         ; AUTO_CASCADE                                   ;
; IGNORE_CASCADE_BUFFERS ; OFF        ; IGNORE_CASCADE                                 ;
+------------------------+------------+------------------------------------------------+
Note: In order to hide this table in the UI and the text report file, please set the "Show Parameter Settings Tables in Synthesis Report" option in "Analysis and Synthesis Settings -> More Settings" to "Off".


+--------------------------------------------------------------------------------------------------+
; Parameter Settings for User Entity Instance: lpm_bustri_8:inst20|lpm_bustri:lpm_bustri_component ;
+----------------+-------+-------------------------------------------------------------------------+
; Parameter Name ; Value ; Type                                                                    ;
+----------------+-------+-------------------------------------------------------------------------+
; LPM_WIDTH      ; 8     ; Untyped                                                                 ;
+----------------+-------+-------------------------------------------------------------------------+
Note: In order to hide this table in the UI and the text report file, please set the "Show Parameter Settings Tables in Synthesis Report" option in "Analysis and Synthesis Settings -> More Settings" to "Off".


+--------------------------------------------------------------------------------------+
; Parameter Settings for User Entity Instance: lpm_dff0:inst37|lpm_ff:lpm_ff_component ;
+------------------------+------------+------------------------------------------------+
; Parameter Name         ; Value      ; Type                                           ;
+------------------------+------------+------------------------------------------------+
; LPM_WIDTH              ; 8          ; Signed Integer                                 ;
; LPM_AVALUE             ; UNUSED     ; Untyped                                        ;
; LPM_SVALUE             ; UNUSED     ; Untyped                                        ;
; LPM_FFTYPE             ; DFF        ; Untyped                                        ;
; DEVICE_FAMILY          ; Stratix II ; Untyped                                        ;
; CBXI_PARAMETER         ; NOTHING    ; Untyped                                        ;
; AUTO_CARRY_CHAINS      ; ON         ; AUTO_CARRY                                     ;
; IGNORE_CARRY_BUFFERS   ; OFF        ; IGNORE_CARRY                                   ;
; AUTO_CASCADE_CHAINS    ; ON         ; AUTO_CASCADE                                   ;
; IGNORE_CASCADE_BUFFERS ; OFF        ; IGNORE_CASCADE                                 ;
+------------------------+------------+------------------------------------------------+
Note: In order to hide this table in the UI and the text report file, please set the "Show Parameter Settings Tables in Synthesis Report" option in "Analysis and Synthesis Settings -> More Settings" to "Off".


+--------------------------------------------------------------------------------------------------+
; Parameter Settings for User Entity Instance: lpm_bustri_8:inst19|lpm_bustri:lpm_bustri_component ;
+----------------+-------+-------------------------------------------------------------------------+
; Parameter Name ; Value ; Type                                                                    ;
+----------------+-------+-------------------------------------------------------------------------+
; LPM_WIDTH      ; 8     ; Untyped                                                                 ;
+----------------+-------+-------------------------------------------------------------------------+
Note: In order to hide this table in the UI and the text report file, please set the "Show Parameter Settings Tables in Synthesis Report" option in "Analysis and Synthesis Settings -> More Settings" to "Off".


+--------------------------------------------------------------------------------------+
; Parameter Settings for User Entity Instance: lpm_dff0:inst36|lpm_ff:lpm_ff_component ;
+------------------------+------------+------------------------------------------------+
; Parameter Name         ; Value      ; Type                                           ;
+------------------------+------------+------------------------------------------------+
; LPM_WIDTH              ; 8          ; Signed Integer                                 ;
; LPM_AVALUE             ; UNUSED     ; Untyped                                        ;
; LPM_SVALUE             ; UNUSED     ; Untyped                                        ;
; LPM_FFTYPE             ; DFF        ; Untyped                                        ;
; DEVICE_FAMILY          ; Stratix II ; Untyped                                        ;
; CBXI_PARAMETER         ; NOTHING    ; Untyped                                        ;
; AUTO_CARRY_CHAINS      ; ON         ; AUTO_CARRY                                     ;
; IGNORE_CARRY_BUFFERS   ; OFF        ; IGNORE_CARRY                                   ;
; AUTO_CASCADE_CHAINS    ; ON         ; AUTO_CASCADE                                   ;
; IGNORE_CASCADE_BUFFERS ; OFF        ; IGNORE_CASCADE                                 ;
+------------------------+------------+------------------------------------------------+
Note: In order to hide this table in the UI and the text report file, please set the "Show Parameter Settings Tables in Synthesis Report" option in "Analysis and Synthesis Settings -> More Settings" to "Off".


+-------------------------------+
; Analysis & Synthesis Messages ;
+-------------------------------+
Info: *******************************************************************
Info: Running Quartus II Analysis & Synthesis
    Info: Version 9.1 Build 222 10/21/2009 SJ Web Edition
    Info: Processing started: Mon Mar 04 11:27:40 2013
Info: Command: quartus_map --read_settings_files=on --write_settings_files=off Project -c Project
Info: Found 1 design units, including 1 entities, in source file ram.bdf
    Info: Found entity 1: RAM
Info: Found 1 design units, including 1 entities, in source file rom.bdf
    Info: Found entity 1: ROM
Info: Found 2 design units, including 1 entities, in source file lpm_dff0.vhd
    Info: Found design unit 1: lpm_dff0-SYN
    Info: Found entity 1: lpm_dff0
Info: Found 1 design units, including 1 entities, in source file ron.bdf
    Info: Found entity 1: RON
Info: Elaborating entity "RON" for the top level hierarchy
Info: Elaborating entity "lpm_dff0" for hierarchy "lpm_dff0:inst35"
Info: Elaborating entity "lpm_ff" for hierarchy "lpm_dff0:inst35|lpm_ff:lpm_ff_component"
Info: Elaborated megafunction instantiation "lpm_dff0:inst35|lpm_ff:lpm_ff_component"
Info: Instantiated megafunction "lpm_dff0:inst35|lpm_ff:lpm_ff_component" with the following parameter:
    Info: Parameter "lpm_fftype" = "DFF"
    Info: Parameter "lpm_type" = "LPM_FF"
    Info: Parameter "lpm_width" = "8"
Warning: Using design file lpm_bustri_8.tdf, which is not specified as a design file for the current project, but contains definitions for 1 design units and 1 entities in project
    Info: Found entity 1: lpm_bustri_8
Info: Elaborating entity "lpm_bustri_8" for hierarchy "lpm_bustri_8:inst14"
Info: Elaborating entity "lpm_bustri" for hierarchy "lpm_bustri_8:inst14|lpm_bustri:lpm_bustri_component"
Info: Elaborated megafunction instantiation "lpm_bustri_8:inst14|lpm_bustri:lpm_bustri_component"
Info: Instantiated megafunction "lpm_bustri_8:inst14|lpm_bustri:lpm_bustri_component" with the following parameter:
    Info: Parameter "LPM_TYPE" = "LPM_BUSTRI"
    Info: Parameter "LPM_WIDTH" = "8"
Warning: Tri-state node(s) do not directly drive top-level pin(s)
    Warning: Converted the fan-out from the tri-state buffer "lpm_bustri_8:inst14|lpm_bustri:lpm_bustri_component|din[7]" to the node "lpm_dff0:inst35|lpm_ff:lpm_ff_component|dffs[7]" into an OR gate
    Warning: Converted the fan-out from the tri-state buffer "lpm_bustri_8:inst14|lpm_bustri:lpm_bustri_component|din[6]" to the node "lpm_dff0:inst35|lpm_ff:lpm_ff_component|dffs[6]" into an OR gate
    Warning: Converted the fan-out from the tri-state buffer "lpm_bustri_8:inst14|lpm_bustri:lpm_bustri_component|din[5]" to the node "lpm_dff0:inst35|lpm_ff:lpm_ff_component|dffs[5]" into an OR gate
    Warning: Converted the fan-out from the tri-state buffer "lpm_bustri_8:inst14|lpm_bustri:lpm_bustri_component|din[4]" to the node "lpm_dff0:inst35|lpm_ff:lpm_ff_component|dffs[4]" into an OR gate
    Warning: Converted the fan-out from the tri-state buffer "lpm_bustri_8:inst14|lpm_bustri:lpm_bustri_component|din[3]" to the node "lpm_dff0:inst35|lpm_ff:lpm_ff_component|dffs[3]" into an OR gate
    Warning: Converted the fan-out from the tri-state buffer "lpm_bustri_8:inst14|lpm_bustri:lpm_bustri_component|din[2]" to the node "lpm_dff0:inst35|lpm_ff:lpm_ff_component|dffs[2]" into an OR gate
    Warning: Converted the fan-out from the tri-state buffer "lpm_bustri_8:inst14|lpm_bustri:lpm_bustri_component|din[1]" to the node "lpm_dff0:inst35|lpm_ff:lpm_ff_component|dffs[1]" into an OR gate
    Warning: Converted the fan-out from the tri-state buffer "lpm_bustri_8:inst14|lpm_bustri:lpm_bustri_component|din[0]" to the node "lpm_dff0:inst35|lpm_ff:lpm_ff_component|dffs[0]" into an OR gate
    Warning: Converted the fan-out from the tri-state buffer "lpm_bustri_8:inst15|lpm_bustri:lpm_bustri_component|din[7]" to the node "lpm_dff0:inst38|lpm_ff:lpm_ff_component|dffs[7]" into an OR gate
    Warning: Converted the fan-out from the tri-state buffer "lpm_bustri_8:inst20|lpm_bustri:lpm_bustri_component|din[7]" to the node "lpm_dff0:inst37|lpm_ff:lpm_ff_component|dffs[7]" into an OR gate
    Warning: Converted the fan-out from the tri-state buffer "lpm_bustri_8:inst19|lpm_bustri:lpm_bustri_component|din[7]" to the node "lpm_dff0:inst36|lpm_ff:lpm_ff_component|dffs[7]" into an OR gate
    Warning: Converted the fan-out from the tri-state buffer "lpm_bustri_8:inst15|lpm_bustri:lpm_bustri_component|din[6]" to the node "lpm_dff0:inst38|lpm_ff:lpm_ff_component|dffs[6]" into an OR gate
    Warning: Converted the fan-out from the tri-state buffer "lpm_bustri_8:inst20|lpm_bustri:lpm_bustri_component|din[6]" to the node "lpm_dff0:inst37|lpm_ff:lpm_ff_component|dffs[6]" into an OR gate
    Warning: Converted the fan-out from the tri-state buffer "lpm_bustri_8:inst19|lpm_bustri:lpm_bustri_component|din[6]" to the node "lpm_dff0:inst36|lpm_ff:lpm_ff_component|dffs[6]" into an OR gate
    Warning: Converted the fan-out from the tri-state buffer "lpm_bustri_8:inst15|lpm_bustri:lpm_bustri_component|din[5]" to the node "lpm_dff0:inst38|lpm_ff:lpm_ff_component|dffs[5]" into an OR gate
    Warning: Converted the fan-out from the tri-state buffer "lpm_bustri_8:inst20|lpm_bustri:lpm_bustri_component|din[5]" to the node "lpm_dff0:inst37|lpm_ff:lpm_ff_component|dffs[5]" into an OR gate
    Warning: Converted the fan-out from the tri-state buffer "lpm_bustri_8:inst19|lpm_bustri:lpm_bustri_component|din[5]" to the node "lpm_dff0:inst36|lpm_ff:lpm_ff_component|dffs[5]" into an OR gate
    Warning: Converted the fan-out from the tri-state buffer "lpm_bustri_8:inst15|lpm_bustri:lpm_bustri_component|din[4]" to the node "lpm_dff0:inst38|lpm_ff:lpm_ff_component|dffs[4]" into an OR gate
    Warning: Converted the fan-out from the tri-state buffer "lpm_bustri_8:inst20|lpm_bustri:lpm_bustri_component|din[4]" to the node "lpm_dff0:inst37|lpm_ff:lpm_ff_component|dffs[4]" into an OR gate
    Warning: Converted the fan-out from the tri-state buffer "lpm_bustri_8:inst19|lpm_bustri:lpm_bustri_component|din[4]" to the node "lpm_dff0:inst36|lpm_ff:lpm_ff_component|dffs[4]" into an OR gate
    Warning: Converted the fan-out from the tri-state buffer "lpm_bustri_8:inst15|lpm_bustri:lpm_bustri_component|din[3]" to the node "lpm_dff0:inst38|lpm_ff:lpm_ff_component|dffs[3]" into an OR gate
    Warning: Converted the fan-out from the tri-state buffer "lpm_bustri_8:inst20|lpm_bustri:lpm_bustri_component|din[3]" to the node "lpm_dff0:inst37|lpm_ff:lpm_ff_component|dffs[3]" into an OR gate
    Warning: Converted the fan-out from the tri-state buffer "lpm_bustri_8:inst19|lpm_bustri:lpm_bustri_component|din[3]" to the node "lpm_dff0:inst36|lpm_ff:lpm_ff_component|dffs[3]" into an OR gate
    Warning: Converted the fan-out from the tri-state buffer "lpm_bustri_8:inst15|lpm_bustri:lpm_bustri_component|din[2]" to the node "lpm_dff0:inst38|lpm_ff:lpm_ff_component|dffs[2]" into an OR gate
    Warning: Converted the fan-out from the tri-state buffer "lpm_bustri_8:inst20|lpm_bustri:lpm_bustri_component|din[2]" to the node "lpm_dff0:inst37|lpm_ff:lpm_ff_component|dffs[2]" into an OR gate
    Warning: Converted the fan-out from the tri-state buffer "lpm_bustri_8:inst19|lpm_bustri:lpm_bustri_component|din[2]" to the node "lpm_dff0:inst36|lpm_ff:lpm_ff_component|dffs[2]" into an OR gate
    Warning: Converted the fan-out from the tri-state buffer "lpm_bustri_8:inst15|lpm_bustri:lpm_bustri_component|din[1]" to the node "lpm_dff0:inst38|lpm_ff:lpm_ff_component|dffs[1]" into an OR gate
    Warning: Converted the fan-out from the tri-state buffer "lpm_bustri_8:inst20|lpm_bustri:lpm_bustri_component|din[1]" to the node "lpm_dff0:inst37|lpm_ff:lpm_ff_component|dffs[1]" into an OR gate
    Warning: Converted the fan-out from the tri-state buffer "lpm_bustri_8:inst19|lpm_bustri:lpm_bustri_component|din[1]" to the node "lpm_dff0:inst36|lpm_ff:lpm_ff_component|dffs[1]" into an OR gate
    Warning: Converted the fan-out from the tri-state buffer "lpm_bustri_8:inst15|lpm_bustri:lpm_bustri_component|din[0]" to the node "lpm_dff0:inst38|lpm_ff:lpm_ff_component|dffs[0]" into an OR gate
    Warning: Converted the fan-out from the tri-state buffer "lpm_bustri_8:inst20|lpm_bustri:lpm_bustri_component|din[0]" to the node "lpm_dff0:inst37|lpm_ff:lpm_ff_component|dffs[0]" into an OR gate
    Warning: Converted the fan-out from the tri-state buffer "lpm_bustri_8:inst19|lpm_bustri:lpm_bustri_component|din[0]" to the node "lpm_dff0:inst36|lpm_ff:lpm_ff_component|dffs[0]" into an OR gate
Warning: Ignored assignments for entity "Project" -- entity does not exist in design
    Warning: Assignment for entity set_global_assignment -name LL_ROOT_REGION ON -entity Project -section_id "Root Region" was ignored
    Warning: Assignment for entity set_global_assignment -name LL_MEMBER_STATE LOCKED -entity Project -section_id "Root Region" was ignored
Warning: Ignored assignments for entity "ROM" -- entity does not exist in design
    Warning: Assignment for entity set_global_assignment -name LL_ROOT_REGION ON -entity ROM -section_id "Root Region" was ignored
    Warning: Assignment for entity set_global_assignment -name LL_MEMBER_STATE LOCKED -entity ROM -section_id "Root Region" was ignored
Info: Implemented 75 device resources after synthesis - the final resource count might be different
    Info: Implemented 6 input pins
    Info: Implemented 8 output pins
    Info: Implemented 8 bidirectional pins
    Info: Implemented 53 logic cells
Info: Quartus II Analysis & Synthesis was successful. 0 errors, 40 warnings
    Info: Peak virtual memory: 222 megabytes
    Info: Processing ended: Mon Mar 04 11:27:45 2013
    Info: Elapsed time: 00:00:05
    Info: Total CPU time (on all processors): 00:00:02


