Flow report for Project
Thu May 16 15:24:32 2013
Quartus II Version 9.1 Build 222 10/21/2009 SJ Web Edition


---------------------
; Table of Contents ;
---------------------
  1. Legal Notice
  2. Flow Summary
  3. Flow Settings
  4. Flow Non-Default Global Settings
  5. Flow Elapsed Time
  6. Flow OS Summary
  7. Flow Log



----------------
; Legal Notice ;
----------------
Copyright (C) 1991-2009 Altera Corporation
Your use of Altera Corporation's design tools, logic functions 
and other software and tools, and its AMPP partner logic 
functions, and any output files from any of the foregoing 
(including device programming or simulation files), and any 
associated documentation or information are expressly subject 
to the terms and conditions of the Altera Program License 
Subscription Agreement, Altera MegaCore Function License 
Agreement, or other applicable license agreement, including, 
without limitation, that your use is for the sole purpose of 
programming logic devices manufactured by Altera and sold by 
Altera or its authorized distributors.  Please refer to the 
applicable agreement for further details.



+-------------------------------------------------------------------------+
; Flow Summary                                                            ;
+-------------------------------+-----------------------------------------+
; Flow Status                   ; Successful - Thu May 16 15:23:52 2013   ;
; Quartus II Version            ; 9.1 Build 222 10/21/2009 SJ Web Edition ;
; Revision Name                 ; Project                                 ;
; Top-level Entity Name         ; MAIN                                    ;
; Family                        ; Stratix II                              ;
; Met timing requirements       ; No                                      ;
; Logic utilization             ; 16 %                                    ;
;     Combinational ALUTs       ; 1,582 / 12,480 ( 13 % )                 ;
;     Dedicated logic registers ; 780 / 12,480 ( 6 % )                    ;
; Total registers               ; 780                                     ;
; Total pins                    ; 85 / 343 ( 25 % )                       ;
; Total virtual pins            ; 0                                       ;
; Total block memory bits       ; 6,144 / 419,328 ( 1 % )                 ;
; DSP block 9-bit elements      ; 0 / 96 ( 0 % )                          ;
; Total PLLs                    ; 0 / 6 ( 0 % )                           ;
; Total DLLs                    ; 0 / 2 ( 0 % )                           ;
; Device                        ; EP2S15F484C3                            ;
; Timing Models                 ; Final                                   ;
+-------------------------------+-----------------------------------------+


+-----------------------------------------+
; Flow Settings                           ;
+-------------------+---------------------+
; Option            ; Setting             ;
+-------------------+---------------------+
; Start date & time ; 05/16/2013 15:20:13 ;
; Main task         ; Compilation         ;
; Revision Name     ; Project             ;
+-------------------+---------------------+


+--------------------------------------------------------------------------------------------------------------------+
; Flow Non-Default Global Settings                                                                                   ;
+------------------------------------+--------------------------------+---------------+-------------+----------------+
; Assignment Name                    ; Value                          ; Default Value ; Entity Name ; Section Id     ;
+------------------------------------+--------------------------------+---------------+-------------+----------------+
; COMPILER_SIGNATURE_ID              ; 143307691995.136870681205268   ; --            ; --          ; --             ;
; IP_TOOL_NAME                       ; LPM_BUSTRI                     ; --            ; --          ; --             ;
; IP_TOOL_NAME                       ; LPM_FF                         ; --            ; --          ; --             ;
; IP_TOOL_NAME                       ; LPM_FF                         ; --            ; --          ; --             ;
; IP_TOOL_NAME                       ; LPM_BUSTRI                     ; --            ; --          ; --             ;
; IP_TOOL_NAME                       ; LPM_CONSTANT                   ; --            ; --          ; --             ;
; IP_TOOL_NAME                       ; LPM_ADD_SUB                    ; --            ; --          ; --             ;
; IP_TOOL_NAME                       ; LPM_COUNTER                    ; --            ; --          ; --             ;
; IP_TOOL_NAME                       ; LPM_COMPARE                    ; --            ; --          ; --             ;
; IP_TOOL_NAME                       ; LPM_AND                        ; --            ; --          ; --             ;
; IP_TOOL_NAME                       ; LPM_OR                         ; --            ; --          ; --             ;
; IP_TOOL_NAME                       ; LPM_SHIFTREG                   ; --            ; --          ; --             ;
; IP_TOOL_NAME                       ; LPM_COMPARE                    ; --            ; --          ; --             ;
; IP_TOOL_NAME                       ; LPM_COMPARE                    ; --            ; --          ; --             ;
; IP_TOOL_NAME                       ; LPM_FF                         ; --            ; --          ; --             ;
; IP_TOOL_NAME                       ; LPM_COMPARE                    ; --            ; --          ; --             ;
; IP_TOOL_NAME                       ; LPM_COMPARE                    ; --            ; --          ; --             ;
; IP_TOOL_NAME                       ; LPM_DECODE                     ; --            ; --          ; --             ;
; IP_TOOL_NAME                       ; LPM_BUSTRI                     ; --            ; --          ; --             ;
; IP_TOOL_NAME                       ; LPM_AND                        ; --            ; --          ; --             ;
; IP_TOOL_NAME                       ; LPM_CONSTANT                   ; --            ; --          ; --             ;
; IP_TOOL_NAME                       ; LPM_COUNTER                    ; --            ; --          ; --             ;
; IP_TOOL_NAME                       ; LPM_COUNTER                    ; --            ; --          ; --             ;
; IP_TOOL_NAME                       ; LPM_BUSTRI                     ; --            ; --          ; --             ;
; IP_TOOL_NAME                       ; LPM_FF                         ; --            ; --          ; --             ;
; IP_TOOL_NAME                       ; LPM_DECODE                     ; --            ; --          ; --             ;
; IP_TOOL_NAME                       ; LPM_COUNTER                    ; --            ; --          ; --             ;
; IP_TOOL_NAME                       ; LPM_FF                         ; --            ; --          ; --             ;
; IP_TOOL_NAME                       ; LPM_DECODE                     ; --            ; --          ; --             ;
; IP_TOOL_NAME                       ; LPM_ADD_SUB                    ; --            ; --          ; --             ;
; IP_TOOL_NAME                       ; LPM_DECODE                     ; --            ; --          ; --             ;
; IP_TOOL_NAME                       ; LPM_DECODE                     ; --            ; --          ; --             ;
; IP_TOOL_NAME                       ; LPM_COUNTER                    ; --            ; --          ; --             ;
; IP_TOOL_NAME                       ; LPM_FF                         ; --            ; --          ; --             ;
; IP_TOOL_NAME                       ; LPM_DECODE                     ; --            ; --          ; --             ;
; IP_TOOL_NAME                       ; LPM_BUSTRI                     ; --            ; --          ; --             ;
; IP_TOOL_NAME                       ; LPM_SHIFTREG                   ; --            ; --          ; --             ;
; IP_TOOL_NAME                       ; LPM_COUNTER                    ; --            ; --          ; --             ;
; IP_TOOL_NAME                       ; LPM_COUNTER                    ; --            ; --          ; --             ;
; IP_TOOL_NAME                       ; LPM_COMPARE                    ; --            ; --          ; --             ;
; IP_TOOL_NAME                       ; LPM_DECODE                     ; --            ; --          ; --             ;
; IP_TOOL_VERSION                    ; 9.1                            ; --            ; --          ; --             ;
; IP_TOOL_VERSION                    ; 9.1                            ; --            ; --          ; --             ;
; IP_TOOL_VERSION                    ; 9.1                            ; --            ; --          ; --             ;
; IP_TOOL_VERSION                    ; 9.1                            ; --            ; --          ; --             ;
; IP_TOOL_VERSION                    ; 9.1                            ; --            ; --          ; --             ;
; IP_TOOL_VERSION                    ; 9.1                            ; --            ; --          ; --             ;
; IP_TOOL_VERSION                    ; 9.1                            ; --            ; --          ; --             ;
; IP_TOOL_VERSION                    ; 9.1                            ; --            ; --          ; --             ;
; IP_TOOL_VERSION                    ; 9.1                            ; --            ; --          ; --             ;
; IP_TOOL_VERSION                    ; 9.1                            ; --            ; --          ; --             ;
; IP_TOOL_VERSION                    ; 9.1                            ; --            ; --          ; --             ;
; IP_TOOL_VERSION                    ; 9.1                            ; --            ; --          ; --             ;
; IP_TOOL_VERSION                    ; 9.1                            ; --            ; --          ; --             ;
; IP_TOOL_VERSION                    ; 9.1                            ; --            ; --          ; --             ;
; IP_TOOL_VERSION                    ; 9.1                            ; --            ; --          ; --             ;
; IP_TOOL_VERSION                    ; 9.1                            ; --            ; --          ; --             ;
; IP_TOOL_VERSION                    ; 9.1                            ; --            ; --          ; --             ;
; IP_TOOL_VERSION                    ; 9.1                            ; --            ; --          ; --             ;
; IP_TOOL_VERSION                    ; 9.1                            ; --            ; --          ; --             ;
; IP_TOOL_VERSION                    ; 9.1                            ; --            ; --          ; --             ;
; IP_TOOL_VERSION                    ; 9.1                            ; --            ; --          ; --             ;
; IP_TOOL_VERSION                    ; 9.1                            ; --            ; --          ; --             ;
; IP_TOOL_VERSION                    ; 9.1                            ; --            ; --          ; --             ;
; IP_TOOL_VERSION                    ; 9.1                            ; --            ; --          ; --             ;
; IP_TOOL_VERSION                    ; 9.1                            ; --            ; --          ; --             ;
; IP_TOOL_VERSION                    ; 9.1                            ; --            ; --          ; --             ;
; IP_TOOL_VERSION                    ; 9.1                            ; --            ; --          ; --             ;
; IP_TOOL_VERSION                    ; 9.1                            ; --            ; --          ; --             ;
; IP_TOOL_VERSION                    ; 9.1                            ; --            ; --          ; --             ;
; IP_TOOL_VERSION                    ; 9.1                            ; --            ; --          ; --             ;
; IP_TOOL_VERSION                    ; 9.1                            ; --            ; --          ; --             ;
; IP_TOOL_VERSION                    ; 9.1                            ; --            ; --          ; --             ;
; IP_TOOL_VERSION                    ; 9.1                            ; --            ; --          ; --             ;
; IP_TOOL_VERSION                    ; 9.1                            ; --            ; --          ; --             ;
; IP_TOOL_VERSION                    ; 9.1                            ; --            ; --          ; --             ;
; IP_TOOL_VERSION                    ; 9.1                            ; --            ; --          ; --             ;
; IP_TOOL_VERSION                    ; 9.1                            ; --            ; --          ; --             ;
; IP_TOOL_VERSION                    ; 9.1                            ; --            ; --          ; --             ;
; IP_TOOL_VERSION                    ; 9.1                            ; --            ; --          ; --             ;
; IP_TOOL_VERSION                    ; 9.1                            ; --            ; --          ; --             ;
; MISC_FILE                          ; lpm_bustri_8.tdf               ; --            ; --          ; --             ;
; MISC_FILE                          ; lpm_bustri_8.bsf               ; --            ; --          ; --             ;
; MISC_FILE                          ; lpm_bustri_8.inc               ; --            ; --          ; --             ;
; MISC_FILE                          ; lpm_dff0.bsf                   ; --            ; --          ; --             ;
; MISC_FILE                          ; lpm_dff0.inc                   ; --            ; --          ; --             ;
; MISC_FILE                          ; lpm_dff_8bit.bsf               ; --            ; --          ; --             ;
; MISC_FILE                          ; lpm_dff_8bit.inc               ; --            ; --          ; --             ;
; MISC_FILE                          ; lpm_bustri_8bit.bsf            ; --            ; --          ; --             ;
; MISC_FILE                          ; lpm_bustri_8bit.inc            ; --            ; --          ; --             ;
; MISC_FILE                          ; lpm_constant_F7.tdf            ; --            ; --          ; --             ;
; MISC_FILE                          ; lpm_constant_F7.bsf            ; --            ; --          ; --             ;
; MISC_FILE                          ; lpm_constant_F7.inc            ; --            ; --          ; --             ;
; MISC_FILE                          ; lpm_add_sub_STACK.bsf          ; --            ; --          ; --             ;
; MISC_FILE                          ; lpm_add_sub_STACK.inc          ; --            ; --          ; --             ;
; MISC_FILE                          ; lpm_counter_8.bsf              ; --            ; --          ; --             ;
; MISC_FILE                          ; lpm_counter_8.inc              ; --            ; --          ; --             ;
; MISC_FILE                          ; lpm_compare_8bit.bsf           ; --            ; --          ; --             ;
; MISC_FILE                          ; lpm_compare_8bit.inc           ; --            ; --          ; --             ;
; MISC_FILE                          ; lpm_and_8bit.bsf               ; --            ; --          ; --             ;
; MISC_FILE                          ; lpm_and_8bit.inc               ; --            ; --          ; --             ;
; MISC_FILE                          ; lpm_or_8bit.bsf                ; --            ; --          ; --             ;
; MISC_FILE                          ; lpm_or_8bit.inc                ; --            ; --          ; --             ;
; MISC_FILE                          ; lpm_shiftreg_8bit.tdf          ; --            ; --          ; --             ;
; MISC_FILE                          ; lpm_shiftreg_8bit.bsf          ; --            ; --          ; --             ;
; MISC_FILE                          ; lpm_shiftreg_8bit.inc          ; --            ; --          ; --             ;
; MISC_FILE                          ; lpm_compare_GREATER_8bit.bsf   ; --            ; --          ; --             ;
; MISC_FILE                          ; lpm_compare_GREATER_8bit.inc   ; --            ; --          ; --             ;
; MISC_FILE                          ; lpm_compare_Equal_8bit.bsf     ; --            ; --          ; --             ;
; MISC_FILE                          ; lpm_compare_Equal_8bit.inc     ; --            ; --          ; --             ;
; MISC_FILE                          ; lpm_dff_4bit.bsf               ; --            ; --          ; --             ;
; MISC_FILE                          ; lpm_dff_4bit.inc               ; --            ; --          ; --             ;
; MISC_FILE                          ; lpm_compare_4bit.tdf           ; --            ; --          ; --             ;
; MISC_FILE                          ; lpm_compare_4bit.bsf           ; --            ; --          ; --             ;
; MISC_FILE                          ; lpm_compare_4bit.inc           ; --            ; --          ; --             ;
; MISC_FILE                          ; lpm_compare_2bit.bsf           ; --            ; --          ; --             ;
; MISC_FILE                          ; lpm_compare_2bit.inc           ; --            ; --          ; --             ;
; MISC_FILE                          ; lpm_decode_2bit.bsf            ; --            ; --          ; --             ;
; MISC_FILE                          ; lpm_decode_2bit.inc            ; --            ; --          ; --             ;
; MISC_FILE                          ; lpm_bustri_4bit.bsf            ; --            ; --          ; --             ;
; MISC_FILE                          ; lpm_bustri_4bit.inc            ; --            ; --          ; --             ;
; MISC_FILE                          ; lpm_and_2bit.bsf               ; --            ; --          ; --             ;
; MISC_FILE                          ; lpm_and_2bit.inc               ; --            ; --          ; --             ;
; MISC_FILE                          ; lpm_constant_8bit_0.bsf        ; --            ; --          ; --             ;
; MISC_FILE                          ; lpm_constant_8bit_0.inc        ; --            ; --          ; --             ;
; MISC_FILE                          ; lpm_counter_8bit_with_load.bsf ; --            ; --          ; --             ;
; MISC_FILE                          ; lpm_counter_8bit_with_load.inc ; --            ; --          ; --             ;
; MISC_FILE                          ; lpm_counter_2bit.bsf           ; --            ; --          ; --             ;
; MISC_FILE                          ; lpm_counter_2bit.inc           ; --            ; --          ; --             ;
; MISC_FILE                          ; lpm_bustri_6bit.bsf            ; --            ; --          ; --             ;
; MISC_FILE                          ; lpm_bustri_6bit.inc            ; --            ; --          ; --             ;
; MISC_FILE                          ; lpm_ff_4bit.bsf                ; --            ; --          ; --             ;
; MISC_FILE                          ; lpm_ff_4bit.inc                ; --            ; --          ; --             ;
; MISC_FILE                          ; lpm_decode_5bit.bsf            ; --            ; --          ; --             ;
; MISC_FILE                          ; lpm_decode_5bit.inc            ; --            ; --          ; --             ;
; MISC_FILE                          ; lpm_counter_5bit.bsf           ; --            ; --          ; --             ;
; MISC_FILE                          ; lpm_counter_5bit.inc           ; --            ; --          ; --             ;
; MISC_FILE                          ; lpm_dff_8bit_en.bsf            ; --            ; --          ; --             ;
; MISC_FILE                          ; lpm_dff_8bit_en.inc            ; --            ; --          ; --             ;
; MISC_FILE                          ; lpm_decode_8bit_20out.bsf      ; --            ; --          ; --             ;
; MISC_FILE                          ; lpm_decode_8bit_20out.inc      ; --            ; --          ; --             ;
; MISC_FILE                          ; lpm_add_8bit.bsf               ; --            ; --          ; --             ;
; MISC_FILE                          ; lpm_add_8bit.inc               ; --            ; --          ; --             ;
; MISC_FILE                          ; lpm_decode_4out.bsf            ; --            ; --          ; --             ;
; MISC_FILE                          ; lpm_decode_4out.inc            ; --            ; --          ; --             ;
; MISC_FILE                          ; lpm_decode_8bit_16out.bsf      ; --            ; --          ; --             ;
; MISC_FILE                          ; lpm_decode_8bit_16out.inc      ; --            ; --          ; --             ;
; MISC_FILE                          ; lpm_counter_revers_2bit.bsf    ; --            ; --          ; --             ;
; MISC_FILE                          ; lpm_counter_revers_2bit.inc    ; --            ; --          ; --             ;
; MISC_FILE                          ; lpm_dff_2bit.bsf               ; --            ; --          ; --             ;
; MISC_FILE                          ; lpm_dff_2bit.inc               ; --            ; --          ; --             ;
; MISC_FILE                          ; lpm_decode0.bsf                ; --            ; --          ; --             ;
; MISC_FILE                          ; lpm_decode0.inc                ; --            ; --          ; --             ;
; MISC_FILE                          ; lpm_bustri_2bit.tdf            ; --            ; --          ; --             ;
; MISC_FILE                          ; lpm_bustri_2bit.bsf            ; --            ; --          ; --             ;
; MISC_FILE                          ; lpm_bustri_2bit.inc            ; --            ; --          ; --             ;
; MISC_FILE                          ; lpm_shiftreg_2bit.bsf          ; --            ; --          ; --             ;
; MISC_FILE                          ; lpm_shiftreg_2bit.inc          ; --            ; --          ; --             ;
; MISC_FILE                          ; lpm_counter_2bit_clr.bsf       ; --            ; --          ; --             ;
; MISC_FILE                          ; lpm_counter_2bit_clr.inc       ; --            ; --          ; --             ;
; MISC_FILE                          ; lpm_counter_8bit_load.bsf      ; --            ; --          ; --             ;
; MISC_FILE                          ; lpm_counter_8bit_load.inc      ; --            ; --          ; --             ;
; MISC_FILE                          ; lpm_compare_8bit_EQUAL.bsf     ; --            ; --          ; --             ;
; MISC_FILE                          ; lpm_compare_8bit_EQUAL.inc     ; --            ; --          ; --             ;
; MISC_FILE                          ; lpm_decode_8bit_1out.bsf       ; --            ; --          ; --             ;
; MISC_FILE                          ; lpm_decode_8bit_1out.inc       ; --            ; --          ; --             ;
; PARTITION_COLOR                    ; 16764057                       ; --            ; MAIN        ; Top            ;
; PARTITION_NETLIST_TYPE             ; SOURCE                         ; --            ; MAIN        ; Top            ;
; TOP_LEVEL_ENTITY                   ; MAIN                           ; Project       ; --          ; --             ;
; USE_GENERATED_PHYSICAL_CONSTRAINTS ; Off                            ; --            ; --          ; eda_blast_fpga ;
+------------------------------------+--------------------------------+---------------+-------------+----------------+


+-----------------------------------------------------------------------------------------------------------------------------+
; Flow Elapsed Time                                                                                                           ;
+-------------------------+--------------+-------------------------+---------------------+------------------------------------+
; Module Name             ; Elapsed Time ; Average Processors Used ; Peak Virtual Memory ; Total CPU Time (on all processors) ;
+-------------------------+--------------+-------------------------+---------------------+------------------------------------+
; Analysis & Synthesis    ; 00:01:05     ; 1.0                     ; 271 MB              ; 00:01:05                           ;
; Fitter                  ; 00:01:32     ; 1.0                     ; 264 MB              ; 00:01:33                           ;
; Assembler               ; 00:00:04     ; 1.0                     ; 225 MB              ; 00:00:03                           ;
; Classic Timing Analyzer ; 00:00:53     ; 1.0                     ; 199 MB              ; 00:01:03                           ;
; Total                   ; 00:03:34     ; --                      ; --                  ; 00:03:44                           ;
+-------------------------+--------------+-------------------------+---------------------+------------------------------------+


+------------------------------------------------------------------------------------------+
; Flow OS Summary                                                                          ;
+-------------------------+------------------+---------------+------------+----------------+
; Module Name             ; Machine Hostname ; OS Name       ; OS Version ; Processor type ;
+-------------------------+------------------+---------------+------------+----------------+
; Analysis & Synthesis    ; Dmitry-PC        ; Windows Vista ; 6.1        ; x86_64         ;
; Fitter                  ; Dmitry-PC        ; Windows Vista ; 6.1        ; x86_64         ;
; Assembler               ; Dmitry-PC        ; Windows Vista ; 6.1        ; x86_64         ;
; Classic Timing Analyzer ; Dmitry-PC        ; Windows Vista ; 6.1        ; x86_64         ;
+-------------------------+------------------+---------------+------------+----------------+


------------
; Flow Log ;
------------
quartus_map --read_settings_files=on --write_settings_files=off Project -c Project
quartus_fit --read_settings_files=off --write_settings_files=off Project -c Project
quartus_asm --read_settings_files=off --write_settings_files=off Project -c Project
quartus_tan --read_settings_files=off --write_settings_files=off Project -c Project --timing_analysis_only



